<?xml version="1.0" encoding="UTF-8"?>
<testng-results ignored="0" total="1" passed="1" failed="0" skipped="0">
  <reporter-output>
  </reporter-output>
  <suite started-at="2024-05-30T10:47:16 EDT" name="Default suite" finished-at="2024-05-30T10:47:23 EDT" duration-ms="6590">
    <groups>
    </groups>
    <test started-at="2024-05-30T10:47:16 EDT" name="Default test" finished-at="2024-05-30T10:47:23 EDT" duration-ms="6590">
      <class name="OnBoardingRestAssured.ScheduleDemo">
        <test-method signature="scheduleDemoTest()[pri:0, instance:OnBoardingRestAssured.ScheduleDemo@64dafeed]" started-at="2024-05-30T10:47:16 EDT" name="scheduleDemoTest" finished-at="2024-05-30T10:47:23 EDT" duration-ms="6544" status="PASS">
          <reporter-output>
          </reporter-output>
        </test-method> <!-- scheduleDemoTest -->
      </class> <!-- OnBoardingRestAssured.ScheduleDemo -->
    </test> <!-- Default test -->
  </suite> <!-- Default suite -->
</testng-results>
